Arguments: 
  /usr/bin/nodejs /usr/local/bin/yarn install

PATH: 
  /usr/local/sbin:/usr/local/bin:/usr/sbin:/usr/bin:/sbin:/bin:/usr/games:/usr/local/games:/usr/local/bin:/usr/local/bin:/usr/local/bin

Yarn version: 
  0.21.3

Node version: 
  6.10.1

Platform: 
  linux x64

npm manifest: 
  {
    "name": "newenv",
    "version": "1.0.0",
    "description": "Nothing much",
    "main": "index.js",
    "scripts": {
      "test": "echo \"Error: no test specified\" && exit 1",
      "start": "node server.js"
    },
    "dependencies": {
      "babel-core": "^6.18.2",
      "babel-loader": "^6.2.8",
      "babel-preset-latest": "^6.16.0",
      "babel-preset-react": "^6.16.0",
      "babel-preset-stage-0": "^6.16.0",
      "css-loader": "^0.26.1",
      "express": "^4.14.0",
      "extract-text-webpack-plugin": "^1.0.1",
      "html-webpack-plugin": "^2.24.1",
      "material-ui": "^0.16.7",
      "react": "^15.4.1",
      "react-dom": "^15.4.1",
      "react-hot-loader": "^1.3.1",
      "react-tap-event-plugin": "^2.0.1",
      "redbox-react": "^1.3.3",
      "style-loader": "^0.13.1",
      "stylus": "^0.54.5",
      "stylus-loader": "^2.4.0",
      "validator": "^6.2.1",
      "webpack": "^1.14.0",
      "webpack-dev-middleware": "^1.8.4",
      "webpack-hot-middleware": "^2.13.2",
      "webpack-manifest-plugin": "^1.1.0"
    },
    "devDependencies": {
      "babel-preset-stage-2": "^6.22.0"
    }
  }

yarn manifest: 
  No manifest

Lockfile: 
  No lockfile

Trace: 
  Error: http://registry.npmjs.org/postcss-modules-scope: Request "http://registry.npmjs.org/postcss-modules-scope" returned a 403
      at Request.params.callback [as _callback] (/usr/local/lib/node_modules/yarn/lib/util/request-manager.js:319:18)
      at Request.self.callback (/usr/local/lib/node_modules/yarn/node_modules/request/request.js:188:22)
      at emitTwo (events.js:106:13)
      at Request.emit (events.js:191:7)
      at Request.<anonymous> (/usr/local/lib/node_modules/yarn/node_modules/request/request.js:1171:10)
      at emitOne (events.js:96:13)
      at Request.emit (events.js:188:7)
      at IncomingMessage.<anonymous> (/usr/local/lib/node_modules/yarn/node_modules/request/request.js:1091:12)
      at IncomingMessage.g (events.js:291:16)
      at emitNone (events.js:91:20)
